Copyright 1986-2016 Xilinx, Inc. All Rights Reserved.
---------------------------------------------------------------------------------------------
| Tool Version : Vivado v.2016.4 (win64) Build 1756540 Mon Jan 23 19:11:23 MST 2017
| Date         : Thu Jun 28 16:46:31 2018
| Host         : vishavbansal-PC running 64-bit Service Pack 1  (build 7601)
| Command      : report_control_sets -verbose -file design_1_wrapper_control_sets_placed.rpt
| Design       : design_1_wrapper
| Device       : xc7z010
---------------------------------------------------------------------------------------------

Control Set Information

Table of Contents
-----------------
1. Summary
2. Flip-Flop Distribution
3. Detailed Control Set Information

1. Summary
----------

+----------------------------------------------------------+-------+
|                          Status                          | Count |
+----------------------------------------------------------+-------+
| Number of unique control sets                            |    65 |
| Unused register locations in slices containing registers |   109 |
+----------------------------------------------------------+-------+


2. Flip-Flop Distribution
-------------------------

+--------------+-----------------------+------------------------+-----------------+--------------+
| Clock Enable | Synchronous Set/Reset | Asynchronous Set/Reset | Total Registers | Total Slices |
+--------------+-----------------------+------------------------+-----------------+--------------+
| No           | No                    | No                     |             191 |           52 |
| No           | No                    | Yes                    |               0 |            0 |
| No           | Yes                   | No                     |             115 |           36 |
| Yes          | No                    | No                     |             433 |          104 |
| Yes          | No                    | Yes                    |               0 |            0 |
| Yes          | Yes                   | No                     |             328 |           67 |
+--------------+-----------------------+------------------------+-----------------+--------------+


3. Detailed Control Set Information
-----------------------------------

+-------------------------------------------------+---------------------------------------------------------------------------------------------------------------------------------------------------------------+------------------------------------------------------------------------------------------------------------------------------------------+------------------+----------------+
|                   Clock Signal                  |                                                                         Enable Signal                                                                         |                                                             Set/Reset Signal                                                             | Slice Load Count | Bel Load Count |
+-------------------------------------------------+---------------------------------------------------------------------------------------------------------------------------------------------------------------+------------------------------------------------------------------------------------------------------------------------------------------+------------------+----------------+
|  design_1_i/processing_system7_0/inst/FCLK_CLK0 | design_1_i/ps7_0_axi_periph/s00_couplers/auto_pc/inst/gen_axilite.gen_b2s_conv.axilite_b2s/WR.b_channel_0/bid_fifo_0/bresp_push                               |                                                                                                                                          |                1 |              2 |
|  design_1_i/processing_system7_0/inst/FCLK_CLK0 | design_1_i/ps7_0_axi_periph/s00_couplers/auto_pc/inst/gen_axilite.gen_b2s_conv.axilite_b2s/WR.aw_channel_0/aw_cmd_fsm_0/E[0]                                  | design_1_i/ps7_0_axi_periph/s00_couplers/auto_pc/inst/gen_axilite.gen_b2s_conv.axilite_b2s/WR.aw_channel_0/aw_cmd_fsm_0/axlen_cnt_reg[7] |                1 |              4 |
|  design_1_i/processing_system7_0/inst/FCLK_CLK0 | design_1_i/ps7_0_axi_periph/s00_couplers/auto_pc/inst/gen_axilite.gen_b2s_conv.axilite_b2s/WR.aw_channel_0/cmd_translator_0/incr_cmd_0/axaddr_incr[0]_i_1_n_0 |                                                                                                                                          |                1 |              4 |
|  design_1_i/processing_system7_0/inst/FCLK_CLK0 | design_1_i/ps7_0_axi_periph/s00_couplers/auto_pc/inst/gen_axilite.gen_b2s_conv.axilite_b2s/WR.aw_channel_0/aw_cmd_fsm_0/wrap_boundary_axaddr_r_reg[0][0]      |                                                                                                                                          |                3 |              4 |
|  design_1_i/processing_system7_0/inst/FCLK_CLK0 |                                                                                                                                                               | design_1_i/ps7_0_axi_periph/s00_couplers/auto_pc/inst/gen_axilite.gen_b2s_conv.axilite_b2s/SI_REG/ar_pipe/m_valid_i_reg_0                |                4 |              4 |
|  design_1_i/processing_system7_0/inst/FCLK_CLK0 |                                                                                                                                                               | design_1_i/ps7_0_axi_periph/s00_couplers/auto_pc/inst/gen_axilite.gen_b2s_conv.axilite_b2s/SI_REG/aw_pipe/s_ready_i_reg_0                |                3 |              4 |
|  design_1_i/processing_system7_0/inst/FCLK_CLK0 | design_1_i/ps7_0_axi_periph/s00_couplers/auto_pc/inst/gen_axilite.gen_b2s_conv.axilite_b2s/RD.ar_channel_0/ar_cmd_fsm_0/axlen_cnt_reg[3][0]                   | design_1_i/ps7_0_axi_periph/s00_couplers/auto_pc/inst/gen_axilite.gen_b2s_conv.axilite_b2s/RD.ar_channel_0/ar_cmd_fsm_0/axlen_cnt_reg[7] |                1 |              4 |
|  design_1_i/processing_system7_0/inst/FCLK_CLK0 | design_1_i/ps7_0_axi_periph/s00_couplers/auto_pc/inst/gen_axilite.gen_b2s_conv.axilite_b2s/RD.ar_channel_0/ar_cmd_fsm_0/E[0]                                  |                                                                                                                                          |                3 |              4 |
|  design_1_i/processing_system7_0/inst/FCLK_CLK0 | design_1_i/ps7_0_axi_periph/s00_couplers/auto_pc/inst/gen_axilite.gen_b2s_conv.axilite_b2s/RD.ar_channel_0/ar_cmd_fsm_0/axaddr_incr_reg[11]                   |                                                                                                                                          |                1 |              4 |
|  design_1_i/processing_system7_0/inst/FCLK_CLK0 |                                                                                                                                                               | design_1_i/rst_ps7_0_100M/U0/EXT_LPF/lpf_int                                                                                             |                2 |              5 |
|  design_1_i/processing_system7_0/inst/FCLK_CLK0 | design_1_i/rst_ps7_0_100M/U0/SEQ/seq_cnt_en                                                                                                                   | design_1_i/rst_ps7_0_100M/U0/SEQ/SEQ_COUNTER/clear                                                                                       |                1 |              6 |
|  design_1_i/processing_system7_0/inst/FCLK_CLK0 | design_1_i/My_Output_0/inst/My_Output_v1_0_S00_AXI_inst/slv_reg2[23]_i_1_n_0                                                                                  | design_1_i/My_Output_0/inst/My_Output_v1_0_S00_AXI_inst/axi_awready_i_1_n_0                                                              |                1 |              8 |
|  design_1_i/processing_system7_0/inst/FCLK_CLK0 | design_1_i/My_Counter_0/inst/My_Counter_v1_0_S00_AXI_inst/slv_reg2[7]_i_1_n_0                                                                                 | design_1_i/My_Counter_0/inst/My_Counter_v1_0_S00_AXI_inst/axi_awready_i_1_n_0                                                            |                1 |              8 |
|  design_1_i/processing_system7_0/inst/FCLK_CLK0 | design_1_i/My_Counter_0/inst/My_Counter_v1_0_S00_AXI_inst/p_1_in[15]                                                                                          | design_1_i/My_Counter_0/inst/My_Counter_v1_0_S00_AXI_inst/axi_awready_i_1_n_0                                                            |                1 |              8 |
|  design_1_i/processing_system7_0/inst/FCLK_CLK0 | design_1_i/My_Output_0/inst/My_Output_v1_0_S00_AXI_inst/slv_reg3[7]_i_1_n_0                                                                                   | design_1_i/My_Output_0/inst/My_Output_v1_0_S00_AXI_inst/axi_awready_i_1_n_0                                                              |                1 |              8 |
|  design_1_i/processing_system7_0/inst/FCLK_CLK0 | design_1_i/My_Output_0/inst/My_Output_v1_0_S00_AXI_inst/slv_reg3[23]_i_1_n_0                                                                                  | design_1_i/My_Output_0/inst/My_Output_v1_0_S00_AXI_inst/axi_awready_i_1_n_0                                                              |                1 |              8 |
|  design_1_i/processing_system7_0/inst/FCLK_CLK0 | design_1_i/My_Output_0/inst/My_Output_v1_0_S00_AXI_inst/slv_reg3[15]_i_1_n_0                                                                                  | design_1_i/My_Output_0/inst/My_Output_v1_0_S00_AXI_inst/axi_awready_i_1_n_0                                                              |                1 |              8 |
|  design_1_i/processing_system7_0/inst/FCLK_CLK0 | design_1_i/My_Output_0/inst/My_Output_v1_0_S00_AXI_inst/slv_reg3[31]_i_1_n_0                                                                                  | design_1_i/My_Output_0/inst/My_Output_v1_0_S00_AXI_inst/axi_awready_i_1_n_0                                                              |                1 |              8 |
|  design_1_i/processing_system7_0/inst/FCLK_CLK0 | design_1_i/My_Output_0/inst/My_Output_v1_0_S00_AXI_inst/slv_reg2[7]_i_1_n_0                                                                                   | design_1_i/My_Output_0/inst/My_Output_v1_0_S00_AXI_inst/axi_awready_i_1_n_0                                                              |                2 |              8 |
|  design_1_i/processing_system7_0/inst/FCLK_CLK0 | design_1_i/My_Output_0/inst/My_Output_v1_0_S00_AXI_inst/slv_reg2[15]_i_1_n_0                                                                                  | design_1_i/My_Output_0/inst/My_Output_v1_0_S00_AXI_inst/axi_awready_i_1_n_0                                                              |                1 |              8 |
|  design_1_i/processing_system7_0/inst/FCLK_CLK0 | design_1_i/My_Output_0/inst/My_Output_v1_0_S00_AXI_inst/slv_reg1[7]_i_1_n_0                                                                                   | design_1_i/My_Output_0/inst/My_Output_v1_0_S00_AXI_inst/axi_awready_i_1_n_0                                                              |                1 |              8 |
|  design_1_i/processing_system7_0/inst/FCLK_CLK0 | design_1_i/My_Output_0/inst/My_Output_v1_0_S00_AXI_inst/slv_reg1[23]_i_1_n_0                                                                                  | design_1_i/My_Output_0/inst/My_Output_v1_0_S00_AXI_inst/axi_awready_i_1_n_0                                                              |                2 |              8 |
|  design_1_i/processing_system7_0/inst/FCLK_CLK0 | design_1_i/My_Output_0/inst/My_Output_v1_0_S00_AXI_inst/slv_reg1[15]_i_1_n_0                                                                                  | design_1_i/My_Output_0/inst/My_Output_v1_0_S00_AXI_inst/axi_awready_i_1_n_0                                                              |                1 |              8 |
|  design_1_i/processing_system7_0/inst/FCLK_CLK0 | design_1_i/My_Output_0/inst/My_Output_v1_0_S00_AXI_inst/slv_reg2[31]_i_1_n_0                                                                                  | design_1_i/My_Output_0/inst/My_Output_v1_0_S00_AXI_inst/axi_awready_i_1_n_0                                                              |                2 |              8 |
|  design_1_i/processing_system7_0/inst/FCLK_CLK0 | design_1_i/My_Output_0/inst/My_Output_v1_0_S00_AXI_inst/p_1_in[31]                                                                                            | design_1_i/My_Output_0/inst/My_Output_v1_0_S00_AXI_inst/axi_awready_i_1_n_0                                                              |                1 |              8 |
|  design_1_i/processing_system7_0/inst/FCLK_CLK0 | design_1_i/My_Output_0/inst/My_Output_v1_0_S00_AXI_inst/p_1_in[23]                                                                                            | design_1_i/My_Output_0/inst/My_Output_v1_0_S00_AXI_inst/axi_awready_i_1_n_0                                                              |                2 |              8 |
|  design_1_i/processing_system7_0/inst/FCLK_CLK0 | design_1_i/My_Output_0/inst/My_Output_v1_0_S00_AXI_inst/p_1_in[15]                                                                                            | design_1_i/My_Output_0/inst/My_Output_v1_0_S00_AXI_inst/axi_awready_i_1_n_0                                                              |                1 |              8 |
|  design_1_i/processing_system7_0/inst/FCLK_CLK0 | design_1_i/My_Output_0/inst/My_Output_v1_0_S00_AXI_inst/p_1_in[7]                                                                                             | design_1_i/My_Output_0/inst/My_Output_v1_0_S00_AXI_inst/axi_awready_i_1_n_0                                                              |                3 |              8 |
|  design_1_i/processing_system7_0/inst/FCLK_CLK0 | design_1_i/My_Output_0/inst/My_Output_v1_0_S00_AXI_inst/slv_reg1[31]_i_1_n_0                                                                                  | design_1_i/My_Output_0/inst/My_Output_v1_0_S00_AXI_inst/axi_awready_i_1_n_0                                                              |                1 |              8 |
|  design_1_i/processing_system7_0/inst/FCLK_CLK0 | design_1_i/My_Counter_0/inst/My_Counter_v1_0_S00_AXI_inst/slv_reg1[15]_i_1_n_0                                                                                | design_1_i/My_Counter_0/inst/My_Counter_v1_0_S00_AXI_inst/axi_awready_i_1_n_0                                                            |                1 |              8 |
|  design_1_i/processing_system7_0/inst/FCLK_CLK0 | design_1_i/My_Counter_0/inst/My_Counter_v1_0_S00_AXI_inst/slv_reg1[7]_i_1_n_0                                                                                 | design_1_i/My_Counter_0/inst/My_Counter_v1_0_S00_AXI_inst/axi_awready_i_1_n_0                                                            |                1 |              8 |
|  design_1_i/processing_system7_0/inst/FCLK_CLK0 | design_1_i/My_Counter_0/inst/My_Counter_v1_0_S00_AXI_inst/p_1_in[7]                                                                                           | design_1_i/My_Counter_0/inst/My_Counter_v1_0_S00_AXI_inst/axi_awready_i_1_n_0                                                            |                2 |              8 |
|  design_1_i/processing_system7_0/inst/FCLK_CLK0 | design_1_i/ps7_0_axi_periph/s00_couplers/auto_pc/inst/gen_axilite.gen_b2s_conv.axilite_b2s/WR.b_channel_0/mhandshake_r                                        | design_1_i/ps7_0_axi_periph/s00_couplers/auto_pc/inst/gen_axilite.gen_b2s_conv.axilite_b2s/WR.b_channel_0/bid_fifo_0/SR[0]               |                3 |              8 |
|  design_1_i/processing_system7_0/inst/FCLK_CLK0 | design_1_i/My_Counter_0/inst/My_Counter_v1_0_S00_AXI_inst/p_1_in[23]                                                                                          | design_1_i/My_Counter_0/inst/My_Counter_v1_0_S00_AXI_inst/axi_awready_i_1_n_0                                                            |                1 |              8 |
|  design_1_i/processing_system7_0/inst/FCLK_CLK0 | design_1_i/My_Counter_0/inst/My_Counter_v1_0_S00_AXI_inst/p_1_in[31]                                                                                          | design_1_i/My_Counter_0/inst/My_Counter_v1_0_S00_AXI_inst/axi_awready_i_1_n_0                                                            |                1 |              8 |
|  design_1_i/processing_system7_0/inst/FCLK_CLK0 | design_1_i/My_Counter_0/inst/My_Counter_v1_0_S00_AXI_inst/slv_reg1[23]_i_1_n_0                                                                                | design_1_i/My_Counter_0/inst/My_Counter_v1_0_S00_AXI_inst/axi_awready_i_1_n_0                                                            |                1 |              8 |
|  design_1_i/processing_system7_0/inst/FCLK_CLK0 | design_1_i/My_Counter_0/inst/My_Counter_v1_0_S00_AXI_inst/slv_reg2[31]_i_1_n_0                                                                                | design_1_i/My_Counter_0/inst/My_Counter_v1_0_S00_AXI_inst/axi_awready_i_1_n_0                                                            |                1 |              8 |
|  design_1_i/processing_system7_0/inst/FCLK_CLK0 | design_1_i/My_Counter_0/inst/My_Counter_v1_0_S00_AXI_inst/slv_reg1[31]_i_1_n_0                                                                                | design_1_i/My_Counter_0/inst/My_Counter_v1_0_S00_AXI_inst/axi_awready_i_1_n_0                                                            |                1 |              8 |
|  design_1_i/processing_system7_0/inst/FCLK_CLK0 | design_1_i/My_Counter_0/inst/My_Counter_v1_0_S00_AXI_inst/slv_reg2[15]_i_1_n_0                                                                                | design_1_i/My_Counter_0/inst/My_Counter_v1_0_S00_AXI_inst/axi_awready_i_1_n_0                                                            |                1 |              8 |
|  design_1_i/processing_system7_0/inst/FCLK_CLK0 | design_1_i/My_Counter_0/inst/My_Counter_v1_0_S00_AXI_inst/slv_reg2[23]_i_1_n_0                                                                                | design_1_i/My_Counter_0/inst/My_Counter_v1_0_S00_AXI_inst/axi_awready_i_1_n_0                                                            |                1 |              8 |
|  design_1_i/processing_system7_0/inst/FCLK_CLK0 |                                                                                                                                                               | design_1_i/My_Output_0/inst/My_Output_v1_0_S00_AXI_inst/axi_awready_i_1_n_0                                                              |                4 |              9 |
|  design_1_i/processing_system7_0/inst/FCLK_CLK0 |                                                                                                                                                               | design_1_i/My_Counter_0/inst/My_Counter_v1_0_S00_AXI_inst/axi_awready_i_1_n_0                                                            |                3 |              9 |
|  design_1_i/processing_system7_0/inst/FCLK_CLK0 |                                                                                                                                                               | design_1_i/ps7_0_axi_periph/xbar/inst/gen_sasd.crossbar_sasd_0/addr_arbiter_inst/SR[0]                                                   |                3 |             11 |
|  design_1_i/processing_system7_0/inst/FCLK_CLK0 | design_1_i/ps7_0_axi_periph/s00_couplers/auto_pc/inst/gen_axilite.gen_b2s_conv.axilite_b2s/RD.ar_channel_0/ar_cmd_fsm_0/axlen_cnt_reg[3][0]                   |                                                                                                                                          |                4 |             12 |
|  design_1_i/processing_system7_0/inst/FCLK_CLK0 | design_1_i/ps7_0_axi_periph/s00_couplers/auto_pc/inst/gen_axilite.gen_b2s_conv.axilite_b2s/WR.aw_channel_0/aw_cmd_fsm_0/E[0]                                  |                                                                                                                                          |                4 |             12 |
|  design_1_i/processing_system7_0/inst/FCLK_CLK0 | design_1_i/ps7_0_axi_periph/s00_couplers/auto_pc/inst/gen_axilite.gen_b2s_conv.axilite_b2s/RD.r_channel_0/r_push_r                                            |                                                                                                                                          |                4 |             13 |
|  design_1_i/processing_system7_0/inst/FCLK_CLK0 | design_1_i/ps7_0_axi_periph/s00_couplers/auto_pc/inst/gen_axilite.gen_b2s_conv.axilite_b2s/SI_REG/b_pipe/p_1_in                                               |                                                                                                                                          |                2 |             14 |
|  design_1_i/processing_system7_0/inst/FCLK_CLK0 | design_1_i/ps7_0_axi_periph/s00_couplers/auto_pc/inst/gen_axilite.gen_b2s_conv.axilite_b2s/SI_REG/b_pipe/skid_buffer_reg[0]_0                                 |                                                                                                                                          |                2 |             14 |
|  design_1_i/processing_system7_0/inst/FCLK_CLK0 | design_1_i/ps7_0_axi_periph/s00_couplers/auto_pc/inst/gen_axilite.gen_b2s_conv.axilite_b2s/WR.aw_channel_0/aw_cmd_fsm_0/b_push                                |                                                                                                                                          |                3 |             16 |
|  design_1_i/processing_system7_0/inst/FCLK_CLK0 |                                                                                                                                                               | design_1_i/My_Output_0/inst/My_Output_v1_0_S00_AXI_inst/clear                                                                            |                4 |             16 |
|  design_1_i/processing_system7_0/inst/FCLK_CLK0 | design_1_i/ps7_0_axi_periph/xbar/inst/gen_sasd.crossbar_sasd_0/addr_arbiter_inst/p_0_in1_in                                                                   | design_1_i/ps7_0_axi_periph/xbar/inst/gen_sasd.crossbar_sasd_0/addr_arbiter_inst/SR[0]                                                   |                7 |             18 |
|  design_1_i/processing_system7_0/inst/FCLK_CLK0 | design_1_i/My_Counter_0/inst/My_Counter_v1_0_S00_AXI_inst/pcEn                                                                                                |                                                                                                                                          |                8 |             32 |
|  design_1_i/processing_system7_0/inst/FCLK_CLK0 | design_1_i/My_Counter_0/inst/My_Counter_v1_0_S00_AXI_inst/slv_reg_rden__0                                                                                     | design_1_i/My_Counter_0/inst/My_Counter_v1_0_S00_AXI_inst/axi_awready_i_1_n_0                                                            |                9 |             32 |
|  design_1_i/processing_system7_0/inst/FCLK_CLK0 | design_1_i/ps7_0_axi_periph/xbar/inst/gen_sasd.crossbar_sasd_0/reg_slice_r/aa_rready                                                                          |                                                                                                                                          |               12 |             32 |
|  design_1_i/processing_system7_0/inst/FCLK_CLK0 | design_1_i/My_Output_0/inst/My_Output_v1_0_S00_AXI_inst/slv_reg_rden__0                                                                                       | design_1_i/My_Output_0/inst/My_Output_v1_0_S00_AXI_inst/axi_awready_i_1_n_0                                                              |               10 |             32 |
|  design_1_i/processing_system7_0/inst/FCLK_CLK0 | design_1_i/ps7_0_axi_periph/s00_couplers/auto_pc/inst/gen_axilite.gen_b2s_conv.axilite_b2s/RD.r_channel_0/rd_data_fifo_0/wr_en0                               |                                                                                                                                          |                9 |             34 |
|  design_1_i/processing_system7_0/inst/FCLK_CLK0 | design_1_i/ps7_0_axi_periph/xbar/inst/gen_sasd.crossbar_sasd_0/addr_arbiter_inst/E[0]                                                                         |                                                                                                                                          |               12 |             35 |
|  design_1_i/processing_system7_0/inst/FCLK_CLK0 | design_1_i/ps7_0_axi_periph/s00_couplers/auto_pc/inst/gen_axilite.gen_b2s_conv.axilite_b2s/SI_REG/ar_pipe/s_axi_arready                                       |                                                                                                                                          |                9 |             43 |
|  design_1_i/processing_system7_0/inst/FCLK_CLK0 | design_1_i/ps7_0_axi_periph/s00_couplers/auto_pc/inst/gen_axilite.gen_b2s_conv.axilite_b2s/SI_REG/aw_pipe/s_axi_awready                                       |                                                                                                                                          |                8 |             43 |
|  design_1_i/processing_system7_0/inst/FCLK_CLK0 | design_1_i/ps7_0_axi_periph/s00_couplers/auto_pc/inst/gen_axilite.gen_b2s_conv.axilite_b2s/RD.ar_channel_0/ar_cmd_fsm_0/m_payload_i_reg[0]_1[0]               |                                                                                                                                          |                9 |             43 |
|  design_1_i/processing_system7_0/inst/FCLK_CLK0 | design_1_i/ps7_0_axi_periph/s00_couplers/auto_pc/inst/gen_axilite.gen_b2s_conv.axilite_b2s/WR.aw_channel_0/aw_cmd_fsm_0/m_payload_i_reg[0][0]                 |                                                                                                                                          |                8 |             43 |
|  design_1_i/processing_system7_0/inst/FCLK_CLK0 | design_1_i/ps7_0_axi_periph/s00_couplers/auto_pc/inst/gen_axilite.gen_b2s_conv.axilite_b2s/SI_REG/r_pipe/p_1_in                                               |                                                                                                                                          |                8 |             47 |
|  design_1_i/processing_system7_0/inst/FCLK_CLK0 | design_1_i/ps7_0_axi_periph/s00_couplers/auto_pc/inst/gen_axilite.gen_b2s_conv.axilite_b2s/SI_REG/r_pipe/skid_buffer_reg[0]_0                                 |                                                                                                                                          |               10 |             47 |
|  design_1_i/processing_system7_0/inst/FCLK_CLK0 |                                                                                                                                                               | design_1_i/ps7_0_axi_periph/s00_couplers/auto_pc/inst/gen_axilite.gen_b2s_conv.axilite_b2s/areset_d1                                     |               13 |             57 |
|  design_1_i/processing_system7_0/inst/FCLK_CLK0 |                                                                                                                                                               |                                                                                                                                          |               53 |            192 |
+-------------------------------------------------+---------------------------------------------------------------------------------------------------------------------------------------------------------------+------------------------------------------------------------------------------------------------------------------------------------------+------------------+----------------+


+--------+-----------------------+
| Fanout | Number of ControlSets |
+--------+-----------------------+
| 2      |                     1 |
| 4      |                     8 |
| 5      |                     1 |
| 6      |                     1 |
| 8      |                    29 |
| 9      |                     2 |
| 11     |                     1 |
| 12     |                     2 |
| 13     |                     1 |
| 14     |                     2 |
| 16+    |                    17 |
+--------+-----------------------+


