
*** Running vivado
    with args -log design_1_processing_system7_0_0.vds -m64 -product Vivado -mode batch -messageDb vivado.pb -notrace -source design_1_processing_system7_0_0.tcl


****** Vivado v2016.4 (64-bit)
  **** SW Build 1756540 on Mon Jan 23 19:11:23 MST 2017
  **** IP Build 1755317 on Mon Jan 23 20:30:07 MST 2017
    ** Copyright 1986-2016 Xilinx, Inc. All Rights Reserved.

source design_1_processing_system7_0_0.tcl -notrace
Starting RTL Elaboration : Time (s): cpu = 00:00:17 ; elapsed = 00:00:36 . Memory (MB): peak = 365.637 ; gain = 155.988
INFO: [Synth 8-638] synthesizing module 'design_1_processing_system7_0_0' [c:/Studienarbeit_Final/Final_Design/Final_Design.srcs/sources_1/bd/design_1/ip/design_1_processing_system7_0_0/synth/design_1_processing_system7_0_0.v:60]
INFO: [Synth 8-638] synthesizing module 'processing_system7_v5_5_processing_system7' [c:/Studienarbeit_Final/Final_Design/Final_Design.srcs/sources_1/bd/design_1/ip/design_1_processing_system7_0_0/hdl/verilog/processing_system7_v5_5_processing_system7.v:162]
INFO: [Synth 8-638] synthesizing module 'BUFG' [C:/Xilinx/Vivado/2016.4/scripts/rt/data/unisim_comp.v:607]
INFO: [Synth 8-256] done synthesizing module 'BUFG' (1#1) [C:/Xilinx/Vivado/2016.4/scripts/rt/data/unisim_comp.v:607]
INFO: [Synth 8-638] synthesizing module 'BIBUF' [C:/Xilinx/Vivado/2016.4/scripts/rt/data/unisim_comp.v:268]
INFO: [Synth 8-256] done synthesizing module 'BIBUF' (2#1) [C:/Xilinx/Vivado/2016.4/scripts/rt/data/unisim_comp.v:268]
INFO: [Synth 8-638] synthesizing module 'PS7' [C:/Xilinx/Vivado/2016.4/scripts/rt/data/unisim_comp.v:33182]
INFO: [Synth 8-256] done synthesizing module 'PS7' (3#1) [C:/Xilinx/Vivado/2016.4/scripts/rt/data/unisim_comp.v:33182]
INFO: [Synth 8-256] done synthesizing module 'processing_system7_v5_5_processing_system7' (4#1) [c:/Studienarbeit_Final/Final_Design/Final_Design.srcs/sources_1/bd/design_1/ip/design_1_processing_system7_0_0/hdl/verilog/processing_system7_v5_5_processing_system7.v:162]
INFO: [Synth 8-256] done synthesizing module 'design_1_processing_system7_0_0' (5#1) [c:/Studienarbeit_Final/Final_Design/Final_Design.srcs/sources_1/bd/design_1/ip/design_1_processing_system7_0_0/synth/design_1_processing_system7_0_0.v:60]
Finished RTL Elaboration : Time (s): cpu = 00:00:19 ; elapsed = 00:00:40 . Memory (MB): peak = 403.000 ; gain = 193.352
Finished RTL Optimization Phase 1 : Time (s): cpu = 00:00:20 ; elapsed = 00:00:40 . Memory (MB): peak = 403.000 ; gain = 193.352
INFO: [Device 21-403] Loading part xc7z010clg400-1
Constraint Validation Runtime : Time (s): cpu = 00:00:00 ; elapsed = 00:00:00.125 . Memory (MB): peak = 625.113 ; gain = 0.000
Finished Constraint Validation : Time (s): cpu = 00:00:38 ; elapsed = 00:01:18 . Memory (MB): peak = 625.113 ; gain = 415.465
Finished Loading Part and Timing Information : Time (s): cpu = 00:00:38 ; elapsed = 00:01:18 . Memory (MB): peak = 625.113 ; gain = 415.465
Finished applying 'set_property' XDC Constraints : Time (s): cpu = 00:00:39 ; elapsed = 00:01:20 . Memory (MB): peak = 625.113 ; gain = 415.465
Finished RTL Optimization Phase 2 : Time (s): cpu = 00:00:40 ; elapsed = 00:01:21 . Memory (MB): peak = 625.113 ; gain = 415.465
Finished Cross Boundary and Area Optimization : Time (s): cpu = 00:00:40 ; elapsed = 00:01:22 . Memory (MB): peak = 625.113 ; gain = 415.465
Finished Applying XDC Timing Constraints : Time (s): cpu = 00:01:02 ; elapsed = 00:01:51 . Memory (MB): peak = 828.621 ; gain = 618.973
Finished Timing Optimization : Time (s): cpu = 00:01:02 ; elapsed = 00:01:51 . Memory (MB): peak = 845.598 ; gain = 635.949
Finished Technology Mapping : Time (s): cpu = 00:01:04 ; elapsed = 00:01:53 . Memory (MB): peak = 849.945 ; gain = 640.297
Finished IO Insertion : Time (s): cpu = 00:01:07 ; elapsed = 00:01:56 . Memory (MB): peak = 849.945 ; gain = 640.297
Finished Renaming Generated Instances : Time (s): cpu = 00:01:07 ; elapsed = 00:01:56 . Memory (MB): peak = 849.945 ; gain = 640.297
Finished Rebuilding User Hierarchy : Time (s): cpu = 00:01:07 ; elapsed = 00:01:56 . Memory (MB): peak = 849.945 ; gain = 640.297
Finished Renaming Generated Ports : Time (s): cpu = 00:01:07 ; elapsed = 00:01:56 . Memory (MB): peak = 849.945 ; gain = 640.297
Finished Handling Custom Attributes : Time (s): cpu = 00:01:07 ; elapsed = 00:01:56 . Memory (MB): peak = 849.945 ; gain = 640.297
Finished Renaming Generated Nets : Time (s): cpu = 00:01:07 ; elapsed = 00:01:56 . Memory (MB): peak = 849.945 ; gain = 640.297

Report Cell Usage: 
+------+------+------+
|      |Cell  |Count |
+------+------+------+
|1     |BIBUF |   130|
|2     |BUFG  |     1|
|3     |LUT1  |   112|
|4     |PS7   |     1|
+------+------+------+
Finished Writing Synthesis Report : Time (s): cpu = 00:01:07 ; elapsed = 00:01:56 . Memory (MB): peak = 849.945 ; gain = 640.297
synth_design: Time (s): cpu = 00:01:03 ; elapsed = 00:01:40 . Memory (MB): peak = 871.121 ; gain = 585.125
